{"level":"info","message":"listening on 8000","timestamp":"2017-02-24T00:59:22.311Z"}
{"level":"info","message":"Create new file /home/miestwin/Projekty/pdf_creator/temp/2451.md","timestamp":"2017-02-24T00:59:41.292Z"}
{"level":"info","message":"Create new file /home/miestwin/Projekty/pdf_creator/temp/2451.pdf","timestamp":"2017-02-24T00:59:41.780Z"}
{"level":"info","message":"Remove file /home/miestwin/Projekty/pdf_creator/temp/2451.md","timestamp":"2017-02-24T00:59:41.797Z"}
{"level":"info","message":"Remove file /home/miestwin/Projekty/pdf_creator/temp/2451.pdf","timestamp":"2017-02-24T00:59:41.798Z"}
{"level":"info","message":"Create new file /home/miestwin/Projekty/pdf_creator/temp/5315.md","timestamp":"2017-02-24T00:59:50.874Z"}
{"level":"info","message":"Create new file /home/miestwin/Projekty/pdf_creator/temp/9636.md","timestamp":"2017-02-24T00:59:51.062Z"}
{"level":"info","message":"Create new file /home/miestwin/Projekty/pdf_creator/temp/5315.pdf","timestamp":"2017-02-24T00:59:51.391Z"}
{"message":"Request aborted","stack":"Error: Request aborted\n    at onaborted (/home/miestwin/Projekty/pdf_creator/node_modules/express/lib/response.js:973:15)\n    at Immediate.<anonymous> (/home/miestwin/Projekty/pdf_creator/node_modules/express/lib/response.js:1015:9)\n    at runCallback (timers.js:651:20)\n    at tryOnImmediate (timers.js:624:5)\n    at processImmediate [as _immediateCallback] (timers.js:596:5)","code":"ECONNABORTED","level":"error","timestamp":"2017-02-24T00:59:51.403Z"}
{"level":"info","message":"Remove file /home/miestwin/Projekty/pdf_creator/temp/5315.md","timestamp":"2017-02-24T00:59:51.410Z"}
{"level":"info","message":"Remove file /home/miestwin/Projekty/pdf_creator/temp/5315.pdf","timestamp":"2017-02-24T00:59:51.410Z"}
{"level":"info","message":"Create new file /home/miestwin/Projekty/pdf_creator/temp/9636.pdf","timestamp":"2017-02-24T00:59:51.596Z"}
{"level":"info","message":"Remove file /home/miestwin/Projekty/pdf_creator/temp/9636.md","timestamp":"2017-02-24T00:59:51.614Z"}
{"level":"info","message":"Remove file /home/miestwin/Projekty/pdf_creator/temp/9636.pdf","timestamp":"2017-02-24T00:59:51.615Z"}
{"level":"info","message":"listening on 8000","timestamp":"2017-02-24T01:03:47.920Z"}
{"level":"info","message":"Create new file /home/miestwin/Projekty/pdf_creator/temp/7026.md","timestamp":"2017-02-24T01:04:05.554Z"}
{"level":"info","message":"Create new file /home/miestwin/Projekty/pdf_creator/temp/7026.pdf","timestamp":"2017-02-24T01:04:06.030Z"}
{"level":"info","message":"Remove file /home/miestwin/Projekty/pdf_creator/temp/7026.md","timestamp":"2017-02-24T01:04:06.061Z"}
{"level":"info","message":"Remove file /home/miestwin/Projekty/pdf_creator/temp/7026.pdf","timestamp":"2017-02-24T01:04:06.062Z"}
{"level":"info","message":"Create new file /home/miestwin/Projekty/pdf_creator/temp/3715.md","timestamp":"2017-02-24T01:04:12.463Z"}
{"level":"info","message":"Create new file /home/miestwin/Projekty/pdf_creator/temp/7988.md","timestamp":"2017-02-24T01:04:12.624Z"}
{"level":"info","message":"Create new file /home/miestwin/Projekty/pdf_creator/temp/3715.pdf","timestamp":"2017-02-24T01:04:12.929Z"}
{"message":"Request aborted","stack":"Error: Request aborted\n    at onaborted (/home/miestwin/Projekty/pdf_creator/node_modules/express/lib/response.js:973:15)\n    at Immediate.<anonymous> (/home/miestwin/Projekty/pdf_creator/node_modules/express/lib/response.js:1015:9)\n    at runCallback (timers.js:651:20)\n    at tryOnImmediate (timers.js:624:5)\n    at processImmediate [as _immediateCallback] (timers.js:596:5)","code":"ECONNABORTED","level":"error","timestamp":"2017-02-24T01:04:12.949Z"}
{"level":"info","message":"Remove file /home/miestwin/Projekty/pdf_creator/temp/3715.md","timestamp":"2017-02-24T01:04:12.952Z"}
{"level":"info","message":"Remove file /home/miestwin/Projekty/pdf_creator/temp/3715.pdf","timestamp":"2017-02-24T01:04:12.952Z"}
{"level":"info","message":"Create new file /home/miestwin/Projekty/pdf_creator/temp/7988.pdf","timestamp":"2017-02-24T01:04:13.155Z"}
{"level":"info","message":"Remove file /home/miestwin/Projekty/pdf_creator/temp/7988.md","timestamp":"2017-02-24T01:04:13.160Z"}
{"level":"info","message":"Remove file /home/miestwin/Projekty/pdf_creator/temp/7988.pdf","timestamp":"2017-02-24T01:04:13.160Z"}
{"level":"info","message":"listening on 8000","timestamp":"2017-02-24T01:05:33.974Z"}
{"level":"info","message":"listening on 8000","timestamp":"2017-02-24T01:06:04.507Z"}
{"level":"info","message":"Create new file /home/miestwin/Projekty/pdf_creator/temp/1467.md","timestamp":"2017-02-24T01:06:14.274Z"}
{"level":"info","message":"Create new file /home/miestwin/Projekty/pdf_creator/temp/1467.pdf","timestamp":"2017-02-24T01:06:14.735Z"}
{"level":"info","message":"Remove file /home/miestwin/Projekty/pdf_creator/temp/1467.md","timestamp":"2017-02-24T01:06:14.752Z"}
{"level":"info","message":"Remove file /home/miestwin/Projekty/pdf_creator/temp/1467.pdf","timestamp":"2017-02-24T01:06:14.753Z"}
{"level":"info","message":"Create new file /home/miestwin/Projekty/pdf_creator/temp/6678.md","timestamp":"2017-02-24T01:06:17.240Z"}
{"level":"info","message":"Create new file /home/miestwin/Projekty/pdf_creator/temp/9430.md","timestamp":"2017-02-24T01:06:17.394Z"}
{"level":"info","message":"Create new file /home/miestwin/Projekty/pdf_creator/temp/6678.pdf","timestamp":"2017-02-24T01:06:17.787Z"}
{"message":"Request aborted","stack":"Error: Request aborted\n    at onaborted (/home/miestwin/Projekty/pdf_creator/node_modules/express/lib/response.js:973:15)\n    at Immediate.<anonymous> (/home/miestwin/Projekty/pdf_creator/node_modules/express/lib/response.js:1015:9)\n    at runCallback (timers.js:651:20)\n    at tryOnImmediate (timers.js:624:5)\n    at processImmediate [as _immediateCallback] (timers.js:596:5)","code":"ECONNABORTED","level":"error","timestamp":"2017-02-24T01:06:17.796Z"}
{"level":"info","message":"Remove file /home/miestwin/Projekty/pdf_creator/temp/6678.md","timestamp":"2017-02-24T01:06:17.802Z"}
{"level":"info","message":"Remove file /home/miestwin/Projekty/pdf_creator/temp/6678.pdf","timestamp":"2017-02-24T01:06:17.802Z"}
{"level":"info","message":"Create new file /home/miestwin/Projekty/pdf_creator/temp/9430.pdf","timestamp":"2017-02-24T01:06:17.885Z"}
{"level":"info","message":"Remove file /home/miestwin/Projekty/pdf_creator/temp/9430.md","timestamp":"2017-02-24T01:06:17.889Z"}
{"level":"info","message":"Remove file /home/miestwin/Projekty/pdf_creator/temp/9430.pdf","timestamp":"2017-02-24T01:06:17.890Z"}
